<?xml version="1.0" encoding="UTF-8"?>
<!-- Generated by org.testng.reporters.JUnitReportReporter -->
<testsuite hostname="192.168.1.5" failures="0" tests="1" name="org.example.Main" time="3.770" errors="0" timestamp="2025-06-21T22:28:51 IST" skipped="0">
  <testcase classname="org.example.Main" name="test" time="3.770"/>
  <system-out/>
</testsuite> <!-- org.example.Main -->
